{"C:\\Users\\ernan\\OneDrive\\Documentos\\Estudos\\Desafio_lanchonete\\desafio-lanchonete-2023 (1)\\src\\caixa-da-lanchonete.js": {"path":"C:\\Users\\ernan\\OneDrive\\Documentos\\Estudos\\Desafio_lanchonete\\desafio-lanchonete-2023 (1)\\src\\caixa-da-lanchonete.js","all":false,"statementMap":{"0":{"start":{"line":1,"column":0},"end":{"line":1,"column":25}},"1":{"start":{"line":2,"column":0},"end":{"line":2,"column":16}},"2":{"start":{"line":3,"column":0},"end":{"line":3,"column":21}},"3":{"start":{"line":4,"column":0},"end":{"line":4,"column":25}},"4":{"start":{"line":5,"column":0},"end":{"line":5,"column":21}},"5":{"start":{"line":6,"column":0},"end":{"line":6,"column":26}},"6":{"start":{"line":7,"column":0},"end":{"line":7,"column":23}},"7":{"start":{"line":8,"column":0},"end":{"line":8,"column":24}},"8":{"start":{"line":9,"column":0},"end":{"line":9,"column":23}},"9":{"start":{"line":10,"column":0},"end":{"line":10,"column":22}},"10":{"start":{"line":11,"column":0},"end":{"line":11,"column":6}},"11":{"start":{"line":12,"column":0},"end":{"line":12,"column":0}},"12":{"start":{"line":13,"column":0},"end":{"line":13,"column":14}},"13":{"start":{"line":14,"column":0},"end":{"line":14,"column":27}},"14":{"start":{"line":15,"column":0},"end":{"line":15,"column":29}},"15":{"start":{"line":16,"column":0},"end":{"line":16,"column":6}},"16":{"start":{"line":17,"column":0},"end":{"line":17,"column":0}},"17":{"start":{"line":18,"column":0},"end":{"line":18,"column":58}},"18":{"start":{"line":19,"column":0},"end":{"line":19,"column":0}},"19":{"start":{"line":20,"column":0},"end":{"line":20,"column":53}},"20":{"start":{"line":21,"column":0},"end":{"line":21,"column":66}},"21":{"start":{"line":22,"column":0},"end":{"line":22,"column":50}},"22":{"start":{"line":23,"column":0},"end":{"line":23,"column":9}},"23":{"start":{"line":24,"column":0},"end":{"line":24,"column":8}},"24":{"start":{"line":25,"column":0},"end":{"line":25,"column":33}},"25":{"start":{"line":26,"column":0},"end":{"line":26,"column":57}},"26":{"start":{"line":27,"column":0},"end":{"line":27,"column":9}},"27":{"start":{"line":28,"column":0},"end":{"line":28,"column":8}},"28":{"start":{"line":29,"column":0},"end":{"line":29,"column":25}},"29":{"start":{"line":30,"column":0},"end":{"line":30,"column":37}},"30":{"start":{"line":31,"column":0},"end":{"line":31,"column":0}},"31":{"start":{"line":32,"column":0},"end":{"line":32,"column":35}},"32":{"start":{"line":33,"column":0},"end":{"line":33,"column":57}},"33":{"start":{"line":34,"column":0},"end":{"line":34,"column":55}},"34":{"start":{"line":35,"column":0},"end":{"line":35,"column":0}},"35":{"start":{"line":36,"column":0},"end":{"line":36,"column":45}},"36":{"start":{"line":37,"column":0},"end":{"line":37,"column":40}},"37":{"start":{"line":38,"column":0},"end":{"line":38,"column":13}},"38":{"start":{"line":39,"column":0},"end":{"line":39,"column":0}},"39":{"start":{"line":40,"column":0},"end":{"line":40,"column":40}},"40":{"start":{"line":41,"column":0},"end":{"line":41,"column":54}},"41":{"start":{"line":42,"column":0},"end":{"line":42,"column":49}},"42":{"start":{"line":43,"column":0},"end":{"line":43,"column":76}},"43":{"start":{"line":44,"column":0},"end":{"line":44,"column":17}},"44":{"start":{"line":45,"column":0},"end":{"line":45,"column":20}},"45":{"start":{"line":46,"column":0},"end":{"line":46,"column":39}},"46":{"start":{"line":47,"column":0},"end":{"line":47,"column":13}},"47":{"start":{"line":48,"column":0},"end":{"line":48,"column":0}},"48":{"start":{"line":49,"column":0},"end":{"line":49,"column":37}},"49":{"start":{"line":50,"column":0},"end":{"line":50,"column":46}},"50":{"start":{"line":51,"column":0},"end":{"line":51,"column":13}},"51":{"start":{"line":52,"column":0},"end":{"line":52,"column":0}},"52":{"start":{"line":53,"column":0},"end":{"line":53,"column":59}},"53":{"start":{"line":54,"column":0},"end":{"line":54,"column":9}},"54":{"start":{"line":55,"column":0},"end":{"line":55,"column":0}},"55":{"start":{"line":56,"column":0},"end":{"line":56,"column":36}},"56":{"start":{"line":57,"column":0},"end":{"line":57,"column":57}},"57":{"start":{"line":58,"column":0},"end":{"line":58,"column":9}},"58":{"start":{"line":59,"column":0},"end":{"line":59,"column":0}},"59":{"start":{"line":60,"column":0},"end":{"line":60,"column":47}},"60":{"start":{"line":61,"column":0},"end":{"line":61,"column":26}},"61":{"start":{"line":62,"column":0},"end":{"line":62,"column":53}},"62":{"start":{"line":63,"column":0},"end":{"line":63,"column":26}},"63":{"start":{"line":64,"column":0},"end":{"line":64,"column":9}},"64":{"start":{"line":65,"column":0},"end":{"line":65,"column":0}},"65":{"start":{"line":66,"column":0},"end":{"line":66,"column":66}},"66":{"start":{"line":67,"column":0},"end":{"line":67,"column":0}},"67":{"start":{"line":68,"column":0},"end":{"line":68,"column":38}},"68":{"start":{"line":69,"column":0},"end":{"line":69,"column":5}},"69":{"start":{"line":70,"column":0},"end":{"line":70,"column":1}},"70":{"start":{"line":71,"column":0},"end":{"line":71,"column":0}},"71":{"start":{"line":72,"column":0},"end":{"line":72,"column":29}}},"s":{"0":19,"1":19,"2":19,"3":19,"4":19,"5":19,"6":19,"7":19,"8":19,"9":19,"10":19,"11":19,"12":19,"13":19,"14":19,"15":19,"16":19,"17":19,"18":19,"19":19,"20":19,"21":1,"22":1,"23":18,"24":19,"25":3,"26":3,"27":15,"28":15,"29":15,"30":15,"31":19,"32":26,"33":26,"34":26,"35":26,"36":2,"37":2,"38":24,"39":26,"40":9,"41":9,"42":4,"43":4,"44":26,"45":15,"46":15,"47":20,"48":26,"49":1,"50":1,"51":19,"52":19,"53":19,"54":8,"55":19,"56":0,"57":0,"58":8,"59":19,"60":2,"61":19,"62":3,"63":3,"64":8,"65":8,"66":8,"67":8,"68":8,"69":19,"70":1,"71":1},"branchMap":{"0":{"type":"branch","line":1,"loc":{"start":{"line":1,"column":0},"end":{"line":70,"column":1}},"locations":[{"start":{"line":1,"column":0},"end":{"line":70,"column":1}}]},"1":{"type":"branch","line":20,"loc":{"start":{"line":20,"column":4},"end":{"line":69,"column":5}},"locations":[{"start":{"line":20,"column":4},"end":{"line":69,"column":5}}]},"2":{"type":"branch","line":21,"loc":{"start":{"line":21,"column":65},"end":{"line":23,"column":9}},"locations":[{"start":{"line":21,"column":65},"end":{"line":23,"column":9}}]},"3":{"type":"branch","line":23,"loc":{"start":{"line":23,"column":8},"end":{"line":25,"column":32}},"locations":[{"start":{"line":23,"column":8},"end":{"line":25,"column":32}}]},"4":{"type":"branch","line":25,"loc":{"start":{"line":25,"column":32},"end":{"line":27,"column":9}},"locations":[{"start":{"line":25,"column":32},"end":{"line":27,"column":9}}]},"5":{"type":"branch","line":27,"loc":{"start":{"line":27,"column":8},"end":{"line":32,"column":34}},"locations":[{"start":{"line":27,"column":8},"end":{"line":32,"column":34}}]},"6":{"type":"branch","line":32,"loc":{"start":{"line":32,"column":34},"end":{"line":54,"column":9}},"locations":[{"start":{"line":32,"column":34},"end":{"line":54,"column":9}}]},"7":{"type":"branch","line":36,"loc":{"start":{"line":36,"column":44},"end":{"line":38,"column":13}},"locations":[{"start":{"line":36,"column":44},"end":{"line":38,"column":13}}]},"8":{"type":"branch","line":38,"loc":{"start":{"line":38,"column":12},"end":{"line":40,"column":39}},"locations":[{"start":{"line":38,"column":12},"end":{"line":40,"column":39}}]},"9":{"type":"branch","line":40,"loc":{"start":{"line":40,"column":39},"end":{"line":45,"column":13}},"locations":[{"start":{"line":40,"column":39},"end":{"line":45,"column":13}}]},"10":{"type":"branch","line":42,"loc":{"start":{"line":42,"column":48},"end":{"line":44,"column":17}},"locations":[{"start":{"line":42,"column":48},"end":{"line":44,"column":17}}]},"11":{"type":"branch","line":45,"loc":{"start":{"line":45,"column":13},"end":{"line":47,"column":13}},"locations":[{"start":{"line":45,"column":13},"end":{"line":47,"column":13}}]},"12":{"type":"branch","line":47,"loc":{"start":{"line":47,"column":12},"end":{"line":49,"column":36}},"locations":[{"start":{"line":47,"column":12},"end":{"line":49,"column":36}}]},"13":{"type":"branch","line":49,"loc":{"start":{"line":49,"column":36},"end":{"line":51,"column":13}},"locations":[{"start":{"line":49,"column":36},"end":{"line":51,"column":13}}]},"14":{"type":"branch","line":51,"loc":{"start":{"line":51,"column":12},"end":{"line":54,"column":9}},"locations":[{"start":{"line":51,"column":12},"end":{"line":54,"column":9}}]},"15":{"type":"branch","line":54,"loc":{"start":{"line":54,"column":8},"end":{"line":56,"column":35}},"locations":[{"start":{"line":54,"column":8},"end":{"line":56,"column":35}}]},"16":{"type":"branch","line":56,"loc":{"start":{"line":56,"column":35},"end":{"line":58,"column":9}},"locations":[{"start":{"line":56,"column":35},"end":{"line":58,"column":9}}]},"17":{"type":"branch","line":58,"loc":{"start":{"line":58,"column":8},"end":{"line":60,"column":46}},"locations":[{"start":{"line":58,"column":8},"end":{"line":60,"column":46}}]},"18":{"type":"branch","line":60,"loc":{"start":{"line":60,"column":46},"end":{"line":62,"column":9}},"locations":[{"start":{"line":60,"column":46},"end":{"line":62,"column":9}}]},"19":{"type":"branch","line":62,"loc":{"start":{"line":62,"column":9},"end":{"line":64,"column":9}},"locations":[{"start":{"line":62,"column":9},"end":{"line":64,"column":9}}]},"20":{"type":"branch","line":62,"loc":{"start":{"line":62,"column":52},"end":{"line":64,"column":9}},"locations":[{"start":{"line":62,"column":52},"end":{"line":64,"column":9}}]},"21":{"type":"branch","line":64,"loc":{"start":{"line":64,"column":8},"end":{"line":69,"column":5}},"locations":[{"start":{"line":64,"column":8},"end":{"line":69,"column":5}}]}},"b":{"0":[19],"1":[19],"2":[1],"3":[18],"4":[3],"5":[15],"6":[26],"7":[2],"8":[24],"9":[9],"10":[4],"11":[15],"12":[20],"13":[1],"14":[19],"15":[8],"16":[0],"17":[8],"18":[2],"19":[6],"20":[3],"21":[8]},"fnMap":{"0":{"name":"<instance_members_initializer>","decl":{"start":{"line":1,"column":0},"end":{"line":70,"column":1}},"loc":{"start":{"line":1,"column":0},"end":{"line":70,"column":1}},"line":1},"1":{"name":"calcularValorDaCompra","decl":{"start":{"line":20,"column":4},"end":{"line":69,"column":5}},"loc":{"start":{"line":20,"column":4},"end":{"line":69,"column":5}},"line":20}},"f":{"0":19,"1":19}}
}
