TN:
SF:src\caixa-da-lanchonete.js
FN:1,<instance_members_initializer>
FN:20,calcularValorDaCompra
FNF:2
FNH:2
FNDA:19,<instance_members_initializer>
FNDA:19,calcularValorDaCompra
DA:1,19
DA:2,19
DA:3,19
DA:4,19
DA:5,19
DA:6,19
DA:7,19
DA:8,19
DA:9,19
DA:10,19
DA:11,19
DA:12,19
DA:13,19
DA:14,19
DA:15,19
DA:16,19
DA:17,19
DA:18,19
DA:19,19
DA:20,19
DA:21,19
DA:22,1
DA:23,1
DA:24,18
DA:25,19
DA:26,3
DA:27,3
DA:28,15
DA:29,15
DA:30,15
DA:31,15
DA:32,19
DA:33,26
DA:34,26
DA:35,26
DA:36,26
DA:37,2
DA:38,2
DA:39,24
DA:40,26
DA:41,9
DA:42,9
DA:43,4
DA:44,4
DA:45,26
DA:46,15
DA:47,15
DA:48,20
DA:49,26
DA:50,1
DA:51,1
DA:52,19
DA:53,19
DA:54,19
DA:55,8
DA:56,19
DA:57,0
DA:58,0
DA:59,8
DA:60,19
DA:61,2
DA:62,19
DA:63,3
DA:64,3
DA:65,8
DA:66,8
DA:67,8
DA:68,8
DA:69,8
DA:70,19
DA:71,1
DA:72,1
LF:72
LH:70
BRDA:1,0,0,19
BRDA:20,1,0,19
BRDA:21,2,0,1
BRDA:23,3,0,18
BRDA:25,4,0,3
BRDA:27,5,0,15
BRDA:32,6,0,26
BRDA:36,7,0,2
BRDA:38,8,0,24
BRDA:40,9,0,9
BRDA:42,10,0,4
BRDA:45,11,0,15
BRDA:47,12,0,20
BRDA:49,13,0,1
BRDA:51,14,0,19
BRDA:54,15,0,8
BRDA:56,16,0,0
BRDA:58,17,0,8
BRDA:60,18,0,2
BRDA:62,19,0,6
BRDA:62,20,0,3
BRDA:64,21,0,8
BRF:22
BRH:21
end_of_record
